<?xml version="1.0" encoding="UTF-8"?>
<!-- Generated by org.testng.reporters.JUnitReportReporter -->
<testsuite skipped="0" hostname="sanjay-PC" name="testMaven.MavenTest" tests="1" failures="0" timestamp="2019-09-04T09:46:20 IST" time="95.951" errors="0">
  <testcase name="run" time="95.951" classname="testMaven.MavenTest"/>
</testsuite> <!-- testMaven.MavenTest -->
